[2025-01-10 11:55:03] SUCCESS : Connexion réussie pour l'utilisateur user1.
[2025-01-10 11:55:03] SUCCESS : Connexion réussie pour l'utilisateur user2.
[2025-01-10 11:55:03] SUCCESS : Connexion réussie pour l'utilisateur user1.
[2025-01-10 11:55:05] SUCCESS : Fichier ./23_6h_JIN_Fermetur.mp4 téléchargé avec succès dans ../videos/videosAConvertir/attenteDeConversion/23_6h_JIN_Fermetur.mp4.
[2025-01-10 11:55:13] SUCCESS : Connexion réussie pour l'utilisateur user3.
[2025-01-10 11:55:13] SUCCESS : Connexion réussie pour l'utilisateur user3.
[2025-01-10 11:55:14] SUCCESS : Miniature de la vidéo ../videos/videosAUpload/attenteDUpload/23_6h_JIN_Fermetur.mp4 générée avec succès.
[2025-01-10 11:55:14] SUCCESS : Connexion réussie pour l'utilisateur user3.
[2025-01-10 11:55:14] SUCCESS : Connexion réussie pour l'utilisateur user3.
[2025-01-10 11:55:14] SUCCESS : Fonction de transfert effectuée avec succès.
[2025-01-10 11:56:35] SUCCESS : Connexion réussie pour l'utilisateur user1.
[2025-01-10 11:56:36] SUCCESS : Connexion réussie pour l'utilisateur user2.
[2025-01-10 11:56:36] SUCCESS : Connexion réussie pour l'utilisateur user1.
[2025-01-10 11:56:39] SUCCESS : Fichier ./23_6h_JIN_Fermetur.mp4 téléchargé avec succès dans ../videos/videosAConvertir/attenteDeConversion/23_6h_JIN_Fermetur.mp4.
[2025-01-10 11:56:52] SUCCESS : Connexion réussie pour l'utilisateur user3.
[2025-01-10 11:56:52] SUCCESS : Connexion réussie pour l'utilisateur user3.
[2025-01-10 11:56:53] SUCCESS : Miniature de la vidéo ../videos/videosAUpload/attenteDUpload/23_6h_JIN_Fermetur.mp4 générée avec succès.
[2025-01-10 11:56:53] SUCCESS : Connexion réussie pour l'utilisateur user3.
[2025-01-10 11:56:53] SUCCESS : Connexion réussie pour l'utilisateur user3.
[2025-01-10 11:56:53] SUCCESS : Fonction de transfert effectuée avec succès.
[2025-01-10 12:00:41] SUCCESS : Connexion réussie pour l'utilisateur user1.
[2025-01-10 12:00:42] SUCCESS : Connexion réussie pour l'utilisateur user2.
[2025-01-10 12:00:42] SUCCESS : Connexion réussie pour l'utilisateur user1.
[2025-01-10 12:00:44] SUCCESS : Fichier ./23_6h_JIN_Fermetur.mp4 téléchargé avec succès dans ../videos/videosAConvertir/attenteDeConversion/23_6h_JIN_Fermetur.mp4.
[2025-01-10 12:00:55] SUCCESS : Connexion réussie pour l'utilisateur user3.
[2025-01-10 12:00:55] SUCCESS : Connexion réussie pour l'utilisateur user3.
[2025-01-10 12:00:56] SUCCESS : Miniature de la vidéo ../videos/videosAUpload/attenteDUpload/23_6h_JIN_Fermetur.mp4 générée avec succès.
[2025-01-10 12:00:56] SUCCESS : Connexion réussie pour l'utilisateur user3.
[2025-01-10 12:00:56] SUCCESS : Connexion réussie pour l'utilisateur user3.
[2025-01-10 12:00:56] SUCCESS : Fonction de transfert effectuée avec succès.
[2025-01-10 12:02:04] SUCCESS : Connexion réussie pour l'utilisateur user3.
[2025-01-10 12:02:04] FAIL : Échec du téléchargement du fichier /23_6h_JIN_Fermetur_miniature.png.
[2025-01-10 12:02:04] SUCCESS : Connexion réussie pour l'utilisateur user3.
[2025-01-10 12:02:04] FAIL : Échec du téléchargement du fichier /24_6_SAN_Fermetur_miniature.png.
[2025-01-10 12:02:04] SUCCESS : Connexion réussie pour l'utilisateur user3.
[2025-01-10 12:02:04] SUCCESS : Fichier /./_BTSPLAY_23_6h_JIN_Fermetur/23_6h_JIN_Fermetur_miniature.png téléchargé avec succès dans ../videos/videosALire//./_BTSPLAY_23_6h_JIN_Fermetur//23_6h_JIN_Fermetur_miniature.png.
[2025-01-10 12:02:22] SUCCESS : Connexion réussie pour l'utilisateur user3.
[2025-01-10 12:02:22] FAIL : Échec du téléchargement du fichier /23_6h_JIN_Fermetur.mp4.
[2025-01-10 12:03:00] SUCCESS : Connexion réussie pour l'utilisateur user3.
[2025-01-10 12:03:00] FAIL : Échec du téléchargement du fichier /23_6h_JIN_Fermetur_miniature.png.
[2025-01-10 12:03:00] SUCCESS : Connexion réussie pour l'utilisateur user3.
[2025-01-10 12:03:00] FAIL : Échec du téléchargement du fichier /24_6_SAN_Fermetur_miniature.png.
[2025-01-10 12:03:00] SUCCESS : Connexion réussie pour l'utilisateur user3.
[2025-01-10 12:03:00] INFO : Le fichier ../videos/videosALire//./_BTSPLAY_23_6h_JIN_Fermetur//23_6h_JIN_Fermetur_miniature.png existe déjà. Téléchargement ignoré.
[2025-01-10 12:11:33] SUCCESS : Connexion réussie pour l'utilisateur user1.
[2025-01-10 12:11:34] SUCCESS : Connexion réussie pour l'utilisateur user2.
[2025-01-10 12:11:34] SUCCESS : Connexion réussie pour l'utilisateur user1.
[2025-01-10 12:11:37] SUCCESS : Fichier ./23_6h_JIN_Fermetur.mp4 téléchargé avec succès dans ../videos/videosAConvertir/attenteDeConversion/23_6h_JIN_Fermetur.mp4.
[2025-01-10 12:11:47] SUCCESS : Connexion réussie pour l'utilisateur user3.
[2025-01-10 12:11:47] SUCCESS : Connexion réussie pour l'utilisateur user3.
[2025-01-10 12:11:48] SUCCESS : Miniature de la vidéo ../videos/videosAUpload/attenteDUpload/23_6h_JIN_Fermetur.mp4 générée avec succès.
[2025-01-10 12:11:48] SUCCESS : Connexion réussie pour l'utilisateur user3.
[2025-01-10 12:11:48] SUCCESS : Connexion réussie pour l'utilisateur user3.
[2025-01-10 12:11:48] SUCCESS : Fonction de transfert effectuée avec succès.
[2025-01-10 12:11:57] SUCCESS : Connexion réussie pour l'utilisateur user3.
[2025-01-10 12:11:57] INFO : Le fichier ../videos/videosALire//./_BTSPLAY_23_6h_JIN_Fermetur//23_6h_JIN_Fermetur_miniature.png existe déjà. Téléchargement ignoré.
[2025-01-10 12:12:27] SUCCESS : Connexion réussie pour l'utilisateur user3.
[2025-01-10 12:12:27] SUCCESS : Fichier /./_BTSPLAY_23_6h_JIN_Fermetur/23_6h_JIN_Fermetur.mp4 téléchargé avec succès dans ../videos/videosALire//./_BTSPLAY_23_6h_JIN_Fermetur/23_6h_JIN_Fermetur.mp4.
[2025-01-10 12:28:40] SUCCESS : Connexion réussie pour l'utilisateur user1.
[2025-01-10 12:28:41] SUCCESS : Connexion réussie pour l'utilisateur user2.
[2025-01-10 12:28:41] SUCCESS : Connexion réussie pour l'utilisateur user1.
[2025-01-10 12:28:42] SUCCESS : Fichier ./23_6h_JIN_Fermetur.mp4 téléchargé avec succès dans ../videos/videosAConvertir/attenteDeConversion/23_6h_JIN_Fermetur.mp4.
[2025-01-10 12:28:48] SUCCESS : Connexion réussie pour l'utilisateur user3.
[2025-01-10 12:28:48] SUCCESS : Connexion réussie pour l'utilisateur user3.
[2025-01-10 12:28:49] SUCCESS : Miniature de la vidéo ../videos/videosAUpload/attenteDUpload/23_6h_JIN_Fermetur.mp4 générée avec succès.
[2025-01-10 12:28:49] SUCCESS : Connexion réussie pour l'utilisateur user3.
[2025-01-10 12:28:49] SUCCESS : Connexion réussie pour l'utilisateur user3.
[2025-01-10 12:28:49] SUCCESS : Fonction de transfert effectuée avec succès.
[2025-01-10 12:28:52] SUCCESS : Connexion réussie pour l'utilisateur user3.
[2025-01-10 12:28:52] INFO : Le fichier ../videos/videosALire//./_BTSPLAY_23_6h_JIN_Fermetur//23_6h_JIN_Fermetur_miniature.png existe déjà. Téléchargement ignoré.
[2025-01-10 12:29:11] SUCCESS : Connexion réussie pour l'utilisateur user3.
[2025-01-10 12:29:11] INFO : Le fichier ../videos/videosALire//./_BTSPLAY_23_6h_JIN_Fermetur/23_6h_JIN_Fermetur.mp4 existe déjà. Téléchargement ignoré.
[2025-01-10 12:29:13] SUCCESS : Connexion réussie pour l'utilisateur user3.
[2025-01-10 12:29:13] INFO : Le fichier ../videos/videosALire//./_BTSPLAY_23_6h_JIN_Fermetur//23_6h_JIN_Fermetur_miniature.png existe déjà. Téléchargement ignoré.
[2025-01-10 12:30:54] SUCCESS : Connexion réussie pour l'utilisateur user1.
[2025-01-10 12:30:54] SUCCESS : Connexion réussie pour l'utilisateur user2.
[2025-01-10 12:30:54] SUCCESS : Connexion réussie pour l'utilisateur user1.
[2025-01-10 12:30:56] SUCCESS : Fichier ./23_6h_JIN_Fermetur.mp4 téléchargé avec succès dans ../videos/videosAConvertir/attenteDeConversion/23_6h_JIN_Fermetur.mp4.
[2025-01-10 12:31:02] SUCCESS : Connexion réussie pour l'utilisateur user3.
[2025-01-10 12:31:02] SUCCESS : Connexion réussie pour l'utilisateur user3.
[2025-01-10 12:31:03] SUCCESS : Miniature de la vidéo ../videos/videosAUpload/attenteDUpload/23_6h_JIN_Fermetur.mp4 générée avec succès.
[2025-01-10 12:31:03] SUCCESS : Connexion réussie pour l'utilisateur user3.
[2025-01-10 12:31:03] SUCCESS : Connexion réussie pour l'utilisateur user3.
[2025-01-10 12:31:03] SUCCESS : Fonction de transfert effectuée avec succès.
[2025-01-10 13:25:43] SUCCESS : Connexion réussie pour l'utilisateur user1.
[2025-01-10 13:25:44] SUCCESS : Connexion réussie pour l'utilisateur user2.
[2025-01-10 13:25:44] SUCCESS : Connexion réussie pour l'utilisateur user1.
[2025-01-10 13:25:47] SUCCESS : Fichier ./23_6h_JIN_Fermetur.mp4 téléchargé avec succès dans ../videos/videosAConvertir/attenteDeConversion/23_6h_JIN_Fermetur.mp4.
[2025-01-10 13:25:54] SUCCESS : Connexion réussie pour l'utilisateur user3.
[2025-01-10 13:25:54] SUCCESS : Connexion réussie pour l'utilisateur user3.
[2025-01-10 13:25:55] SUCCESS : Miniature de la vidéo ../videos/videosAUpload/attenteDUpload/23_6h_JIN_Fermetur.mp4 générée avec succès.
[2025-01-10 13:25:55] SUCCESS : Connexion réussie pour l'utilisateur user3.
[2025-01-10 13:25:55] SUCCESS : Connexion réussie pour l'utilisateur user3.
[2025-01-10 13:25:55] SUCCESS : Fonction de transfert effectuée avec succès.
[2025-01-10 13:26:27] SUCCESS : Connexion réussie pour l'utilisateur user1.
[2025-01-10 13:26:27] SUCCESS : Connexion réussie pour l'utilisateur user2.
[2025-01-10 13:26:27] SUCCESS : Connexion réussie pour l'utilisateur user1.
[2025-01-10 13:26:30] SUCCESS : Fichier ./23_6h_JIN_Fermetur.mp4 téléchargé avec succès dans ../videos/videosAConvertir/attenteDeConversion/23_6h_JIN_Fermetur.mp4.
[2025-01-10 13:26:37] SUCCESS : Connexion réussie pour l'utilisateur user3.
[2025-01-10 13:26:37] SUCCESS : Connexion réussie pour l'utilisateur user3.
[2025-01-10 13:26:37] SUCCESS : Miniature de la vidéo ../videos/videosAUpload/attenteDUpload/23_6h_JIN_Fermetur.mp4 générée avec succès.
[2025-01-10 13:26:37] SUCCESS : Connexion réussie pour l'utilisateur user3.
[2025-01-10 13:26:37] SUCCESS : Connexion réussie pour l'utilisateur user3.
[2025-01-10 13:26:38] SUCCESS : Fonction de transfert effectuée avec succès.
[2025-01-10 13:27:48] SUCCESS : Connexion réussie pour l'utilisateur user1.
[2025-01-10 13:27:48] SUCCESS : Connexion réussie pour l'utilisateur user2.
[2025-01-10 13:27:48] SUCCESS : Connexion réussie pour l'utilisateur user1.
[2025-01-10 13:27:51] SUCCESS : Fichier ./23_6h_JIN_Fermetur.mp4 téléchargé avec succès dans ../videos/videosAConvertir/attenteDeConversion/23_6h_JIN_Fermetur.mp4.
[2025-01-10 13:27:58] SUCCESS : Connexion réussie pour l'utilisateur user3.
[2025-01-10 13:27:58] SUCCESS : Connexion réussie pour l'utilisateur user3.
[2025-01-10 13:27:59] SUCCESS : Miniature de la vidéo ../videos/videosAUpload/attenteDUpload/23_6h_JIN_Fermetur.mp4 générée avec succès.
[2025-01-10 13:27:59] SUCCESS : Connexion réussie pour l'utilisateur user3.
[2025-01-10 13:27:59] SUCCESS : Connexion réussie pour l'utilisateur user3.
[2025-01-10 13:27:59] SUCCESS : Fonction de transfert effectuée avec succès.
[2025-01-10 13:35:41] SUCCESS : Connexion réussie pour l'utilisateur user1.
[2025-01-10 13:35:41] SUCCESS : Connexion réussie pour l'utilisateur user2.
[2025-01-10 13:35:41] SUCCESS : Connexion réussie pour l'utilisateur user1.
[2025-01-10 13:35:44] SUCCESS : Fichier ./23_6h_JIN_Fermetur.mp4 téléchargé avec succès dans ../videos/videosAConvertir/attenteDeConversion/23_6h_JIN_Fermetur.mp4.
[2025-01-10 13:35:51] SUCCESS : Connexion réussie pour l'utilisateur user3.
[2025-01-10 13:35:51] SUCCESS : Connexion réussie pour l'utilisateur user3.
[2025-01-10 13:35:52] SUCCESS : Miniature de la vidéo ../videos/videosAUpload/attenteDUpload/23_6h_JIN_Fermetur.mp4 générée avec succès.
[2025-01-10 13:35:52] SUCCESS : Connexion réussie pour l'utilisateur user3.
[2025-01-10 13:35:52] SUCCESS : Connexion réussie pour l'utilisateur user3.
[2025-01-10 13:35:52] SUCCESS : Fonction de transfert effectuée avec succès.
[2025-01-10 14:04:28] SUCCESS : Connexion réussie pour l'utilisateur user1.
[2025-01-10 14:04:29] SUCCESS : Connexion réussie pour l'utilisateur user2.
[2025-01-10 14:04:29] SUCCESS : Connexion réussie pour l'utilisateur user1.
[2025-01-10 14:10:24] SUCCESS : Fichier ./23_6h_GRUNT.mp4 téléchargé avec succès dans ../videos/videosAConvertir/attenteDeConversion/23_6h_GRUNT.mp4.
[2025-01-10 14:12:10] CRITICAL : Erreur lors de l'attente du processus 24.
[2025-01-10 14:12:10] 6 : Attente du processus enfant avec PID 25.
[2025-01-10 14:12:10] CRITICAL : Erreur lors de l'attente du processus 264.
[2025-01-10 14:12:10] CRITICAL : Erreur lors de l'attente du processus 332.
[2025-01-10 14:12:10] 6 : Attente du processus enfant avec PID 265.
[2025-01-10 14:12:10] 6 : Attente du processus enfant avec PID 333.
[2025-01-10 14:12:44] SUCCESS : Connexion réussie pour l'utilisateur user1.
[2025-01-10 14:12:44] SUCCESS : Connexion réussie pour l'utilisateur user2.
[2025-01-10 14:12:44] SUCCESS : Connexion réussie pour l'utilisateur user1.
[2025-01-10 14:12:44] INFO : Le fichier ../videos/videosAConvertir/attenteDeConversion/23_6h_GRUNT.mp4 existe déjà. Téléchargement ignoré.
[2025-01-10 14:15:12] CRITICAL : Erreur lors de la conversion de la partie1de la vidéo .
[2025-01-10 14:15:12] CRITICAL : Erreur lors de la conversion de la partie1de la vidéo .
[2025-01-10 14:15:12] CRITICAL : Erreur lors de la conversion de la partie1de la vidéo .
[2025-01-10 14:15:12] CRITICAL : Erreur lors de la conversion de la partie1de la vidéo .
[2025-01-10 14:15:13] CRITICAL : Erreur lors de la conversion de la partie1de la vidéo .
[2025-01-10 14:15:13] CRITICAL : Erreur lors de la conversion de la partie1de la vidéo .
[2025-01-10 14:15:13] CRITICAL : Erreur lors de la conversion de la partie1de la vidéo .
[2025-01-10 14:15:13] CRITICAL : Erreur lors de la conversion de la partie1de la vidéo .
[2025-01-10 14:15:17] SUCCESS : Connexion réussie pour l'utilisateur user3.
[2025-01-10 14:15:17] SUCCESS : Connexion réussie pour l'utilisateur user3.
[2025-01-10 14:16:02] SUCCESS : Miniature de la vidéo ../videos/videosAUpload/attenteDUpload/23_6h_GRUNT.mp4 générée avec succès.
[2025-01-10 14:16:02] SUCCESS : Connexion réussie pour l'utilisateur user3.
[2025-01-10 14:16:02] SUCCESS : Connexion réussie pour l'utilisateur user3.
[2025-01-10 14:16:02] SUCCESS : Fonction de transfert effectuée avec succès.
[2025-01-10 14:17:23] SUCCESS : Connexion réussie pour l'utilisateur user1.
[2025-01-10 14:17:24] SUCCESS : Connexion réussie pour l'utilisateur user2.
[2025-01-10 14:17:24] SUCCESS : Connexion réussie pour l'utilisateur user1.
[2025-01-10 14:17:24] INFO : Le fichier ../videos/videosAConvertir/attenteDeConversion/23_6h_GRUNT.mp4 existe déjà. Téléchargement ignoré.
[2025-01-10 14:26:35] CRITICAL : Erreur lors de la conversion de la partie1de la vidéo .
[2025-01-10 14:26:35] CRITICAL : Erreur lors de la conversion de la partie1de la vidéo .
[2025-01-10 14:26:35] CRITICAL : Erreur lors de la conversion de la partie1de la vidéo .
[2025-01-10 14:26:36] CRITICAL : Erreur lors de la conversion de la partie1de la vidéo .
[2025-01-10 14:26:36] CRITICAL : Erreur lors de la conversion de la partie1de la vidéo .
[2025-01-10 14:26:36] CRITICAL : Erreur lors de la conversion de la partie1de la vidéo .
[2025-01-10 14:26:36] CRITICAL : Erreur lors de la conversion de la partie1de la vidéo .
[2025-01-10 14:26:36] CRITICAL : Erreur lors de la conversion de la partie1de la vidéo .
[2025-01-10 14:26:37] CRITICAL : Erreur lors de la conversion de la partie1de la vidéo .
[2025-01-10 14:26:37] CRITICAL : Erreur lors de la conversion de la partie1de la vidéo .
[2025-01-10 14:26:37] CRITICAL : Erreur lors de la conversion de la partie1de la vidéo .
[2025-01-10 14:26:37] CRITICAL : Erreur lors de la conversion de la partie1de la vidéo .
[2025-01-10 14:26:37] CRITICAL : Erreur lors de la conversion de la partie1de la vidéo .
[2025-01-10 14:26:37] CRITICAL : Erreur lors de la conversion de la partie1de la vidéo .
[2025-01-10 14:26:37] CRITICAL : Erreur lors de la conversion de la partie1de la vidéo .
[2025-01-10 14:26:38] CRITICAL : Erreur lors de la conversion de la partie1de la vidéo .
[2025-01-10 14:26:38] CRITICAL : Erreur lors de la conversion de la partie1de la vidéo .
[2025-01-10 14:26:38] CRITICAL : Erreur lors de la conversion de la partie1de la vidéo .
[2025-01-10 14:26:38] CRITICAL : Erreur lors de la conversion de la partie1de la vidéo .
[2025-01-10 14:26:38] CRITICAL : Erreur lors de la conversion de la partie1de la vidéo .
[2025-01-10 14:26:38] CRITICAL : Erreur lors de la conversion de la partie1de la vidéo .
[2025-01-10 14:26:38] CRITICAL : Erreur lors de la conversion de la partie1de la vidéo .
[2025-01-10 14:26:39] CRITICAL : Erreur lors de la conversion de la partie1de la vidéo .
[2025-01-10 14:26:39] CRITICAL : Erreur lors de la conversion de la partie1de la vidéo .
[2025-01-10 14:26:39] CRITICAL : Erreur lors de la conversion de la partie1de la vidéo .
[2025-01-10 14:26:39] CRITICAL : Erreur lors de la conversion de la partie1de la vidéo .
[2025-01-10 14:26:39] CRITICAL : Erreur lors de la conversion de la partie1de la vidéo .
[2025-01-10 14:26:39] CRITICAL : Erreur lors de la conversion de la partie1de la vidéo .
[2025-01-10 14:26:39] CRITICAL : Erreur lors de la conversion de la partie1de la vidéo .
[2025-01-10 14:26:39] CRITICAL : Erreur lors de la conversion de la partie1de la vidéo .
[2025-01-10 14:26:39] CRITICAL : Erreur lors de la conversion de la partie1de la vidéo .
[2025-01-10 14:26:40] CRITICAL : Erreur lors de la conversion de la partie1de la vidéo .
[2025-01-10 14:26:40] CRITICAL : Erreur lors de la conversion de la partie1de la vidéo .
[2025-01-10 14:26:40] CRITICAL : Erreur lors de la conversion de la partie1de la vidéo .
[2025-01-10 14:26:40] CRITICAL : Erreur lors de la conversion de la partie1de la vidéo .
[2025-01-10 14:26:40] CRITICAL : Erreur lors de la conversion de la partie1de la vidéo .
[2025-01-10 14:26:40] CRITICAL : Erreur lors de la conversion de la partie1de la vidéo .
[2025-01-10 14:26:40] CRITICAL : Erreur lors de la conversion de la partie1de la vidéo .
[2025-01-10 14:26:40] CRITICAL : Erreur lors de la conversion de la partie1de la vidéo .
[2025-01-10 14:26:41] CRITICAL : Erreur lors de la conversion de la partie1de la vidéo .
[2025-01-10 14:26:41] CRITICAL : Erreur lors de la conversion de la partie1de la vidéo .
[2025-01-10 14:26:41] CRITICAL : Erreur lors de la conversion de la partie1de la vidéo .
[2025-01-10 14:26:41] CRITICAL : Erreur lors de la conversion de la partie1de la vidéo .
[2025-01-10 14:26:41] CRITICAL : Erreur lors de la conversion de la partie1de la vidéo .
[2025-01-10 14:26:41] CRITICAL : Erreur lors de la conversion de la partie1de la vidéo .
[2025-01-10 14:26:41] CRITICAL : Erreur lors de la conversion de la partie1de la vidéo .
[2025-01-10 14:26:41] CRITICAL : Erreur lors de la conversion de la partie1de la vidéo .
[2025-01-10 14:26:41] CRITICAL : Erreur lors de la conversion de la partie1de la vidéo .
[2025-01-10 14:26:42] CRITICAL : Erreur lors de la conversion de la partie1de la vidéo .
[2025-01-10 14:26:42] CRITICAL : Erreur lors de la conversion de la partie1de la vidéo .
[2025-01-10 14:26:42] CRITICAL : Erreur lors de la conversion de la partie1de la vidéo .
[2025-01-10 14:26:42] CRITICAL : Erreur lors de la conversion de la partie1de la vidéo .
[2025-01-10 14:26:42] CRITICAL : Erreur lors de la conversion de la partie1de la vidéo .
[2025-01-10 14:26:42] CRITICAL : Erreur lors de la conversion de la partie1de la vidéo .
[2025-01-10 14:26:42] CRITICAL : Erreur lors de la conversion de la partie1de la vidéo .
[2025-01-10 14:26:42] CRITICAL : Erreur lors de la conversion de la partie1de la vidéo .
[2025-01-10 14:26:42] CRITICAL : Erreur lors de la conversion de la partie1de la vidéo .
[2025-01-10 14:26:42] CRITICAL : Erreur lors de la conversion de la partie1de la vidéo .
[2025-01-10 14:26:43] CRITICAL : Erreur lors de la conversion de la partie1de la vidéo .
[2025-01-10 14:26:43] CRITICAL : Erreur lors de la conversion de la partie1de la vidéo .
[2025-01-10 14:26:43] CRITICAL : Erreur lors de la conversion de la partie1de la vidéo .
[2025-01-10 14:26:43] CRITICAL : Erreur lors de la conversion de la partie1de la vidéo .
[2025-01-10 14:26:43] CRITICAL : Erreur lors de la conversion de la partie1de la vidéo .
[2025-01-10 14:26:43] CRITICAL : Erreur lors de la conversion de la partie1de la vidéo .
[2025-01-10 14:26:43] CRITICAL : Erreur lors de la conversion de la partie1de la vidéo .
[2025-01-10 14:26:43] CRITICAL : Erreur lors de la conversion de la partie1de la vidéo .
[2025-01-10 14:26:43] CRITICAL : Erreur lors de la conversion de la partie1de la vidéo .
[2025-01-10 14:26:43] CRITICAL : Erreur lors de la conversion de la partie1de la vidéo .
[2025-01-10 14:26:44] CRITICAL : Erreur lors de la conversion de la partie1de la vidéo .
[2025-01-10 14:26:44] CRITICAL : Erreur lors de la conversion de la partie1de la vidéo .
[2025-01-10 14:26:44] CRITICAL : Erreur lors de la conversion de la partie1de la vidéo .
[2025-01-10 14:26:44] CRITICAL : Erreur lors de la conversion de la partie1de la vidéo .
[2025-01-10 14:26:44] CRITICAL : Erreur lors de la conversion de la partie1de la vidéo .
[2025-01-10 14:26:44] CRITICAL : Erreur lors de la conversion de la partie1de la vidéo .
[2025-01-10 14:26:44] CRITICAL : Erreur lors de la conversion de la partie1de la vidéo .
[2025-01-10 14:26:44] CRITICAL : Erreur lors de la conversion de la partie1de la vidéo .
[2025-01-10 14:26:44] CRITICAL : Erreur lors de la conversion de la partie1de la vidéo .
[2025-01-10 14:26:44] CRITICAL : Erreur lors de la conversion de la partie1de la vidéo .
[2025-01-10 14:26:44] CRITICAL : Erreur lors de la conversion de la partie1de la vidéo .
[2025-01-10 14:26:45] CRITICAL : Erreur lors de la conversion de la partie1de la vidéo .
[2025-01-10 14:26:45] CRITICAL : Erreur lors de la conversion de la partie1de la vidéo .
[2025-01-10 14:26:45] CRITICAL : Erreur lors de la conversion de la partie1de la vidéo .
[2025-01-10 14:26:45] CRITICAL : Erreur lors de la conversion de la partie1de la vidéo .
[2025-01-10 14:26:45] CRITICAL : Erreur lors de la conversion de la partie1de la vidéo .
[2025-01-10 14:26:45] CRITICAL : Erreur lors de la conversion de la partie1de la vidéo .
[2025-01-10 14:26:45] CRITICAL : Erreur lors de la conversion de la partie1de la vidéo .
[2025-01-10 14:26:45] CRITICAL : Erreur lors de la conversion de la partie1de la vidéo .
[2025-01-10 14:26:45] CRITICAL : Erreur lors de la conversion de la partie1de la vidéo .
[2025-01-10 14:26:45] CRITICAL : Erreur lors de la conversion de la partie1de la vidéo .
[2025-01-10 14:26:45] CRITICAL : Erreur lors de la conversion de la partie1de la vidéo .
[2025-01-10 14:26:46] CRITICAL : Erreur lors de la conversion de la partie1de la vidéo .
[2025-01-10 14:26:46] CRITICAL : Erreur lors de la conversion de la partie1de la vidéo .
[2025-01-10 14:26:46] CRITICAL : Erreur lors de la conversion de la partie1de la vidéo .
[2025-01-10 14:26:46] CRITICAL : Erreur lors de la conversion de la partie1de la vidéo .
[2025-01-10 14:26:46] CRITICAL : Erreur lors de la conversion de la partie1de la vidéo .
[2025-01-10 14:26:46] CRITICAL : Erreur lors de la conversion de la partie1de la vidéo .
[2025-01-10 14:26:46] CRITICAL : Erreur lors de la conversion de la partie1de la vidéo .
[2025-01-10 14:26:46] CRITICAL : Erreur lors de la conversion de la partie1de la vidéo .
[2025-01-10 14:26:47] SUCCESS : Connexion réussie pour l'utilisateur user3.
[2025-01-10 14:26:47] SUCCESS : Connexion réussie pour l'utilisateur user3.
[2025-01-10 14:26:49] SUCCESS : Miniature de la vidéo ../videos/videosAUpload/attenteDUpload/23_6h_GRUNT.mp4 générée avec succès.
[2025-01-10 14:26:49] SUCCESS : Connexion réussie pour l'utilisateur user3.
[2025-01-10 14:26:49] SUCCESS : Connexion réussie pour l'utilisateur user3.
[2025-01-10 14:26:49] SUCCESS : Fonction de transfert effectuée avec succès.
[2025-01-10 14:28:43] SUCCESS : Connexion réussie pour l'utilisateur user1.
[2025-01-10 14:28:43] SUCCESS : Connexion réussie pour l'utilisateur user2.
[2025-01-10 14:28:43] SUCCESS : Connexion réussie pour l'utilisateur user1.
[2025-01-10 14:28:47] SUCCESS : Fichier ./23_6h_JIN_Fermetur.mp4 téléchargé avec succès dans ../videos/videosAConvertir/attenteDeConversion/23_6h_JIN_Fermetur.mp4.
[2025-01-10 14:28:55] SUCCESS : Connexion réussie pour l'utilisateur user3.
[2025-01-10 14:28:55] SUCCESS : Connexion réussie pour l'utilisateur user3.
[2025-01-10 14:28:55] SUCCESS : Miniature de la vidéo ../videos/videosAUpload/attenteDUpload/23_6h_JIN_Fermetur.mp4 générée avec succès.
[2025-01-10 14:28:55] SUCCESS : Connexion réussie pour l'utilisateur user3.
[2025-01-10 14:28:56] SUCCESS : Connexion réussie pour l'utilisateur user3.
[2025-01-10 14:28:56] SUCCESS : Fonction de transfert effectuée avec succès.
[2025-01-10 14:29:32] SUCCESS : Connexion réussie pour l'utilisateur user1.
[2025-01-10 14:29:32] SUCCESS : Connexion réussie pour l'utilisateur user2.
[2025-01-10 14:29:32] SUCCESS : Connexion réussie pour l'utilisateur user1.
[2025-01-10 14:34:49] SUCCESS : Fichier ./23_6h_GRUNT.mp4 téléchargé avec succès dans ../videos/videosAConvertir/attenteDeConversion/23_6h_GRUNT.mp4.
[2025-01-10 14:47:47] SUCCESS : Connexion réussie pour l'utilisateur user1.
[2025-01-10 14:47:47] SUCCESS : Connexion réussie pour l'utilisateur user2.
[2025-01-10 14:47:47] SUCCESS : Connexion réussie pour l'utilisateur user1.
[2025-01-10 22:49:51] SUCCESS : Connexion réussie pour l'utilisateur user1.
[2025-01-10 22:49:51] SUCCESS : Connexion réussie pour l'utilisateur user2.
[2025-01-10 22:49:51] SUCCESS : Connexion réussie pour l'utilisateur user1.
[2025-01-10 22:49:51] INFO : Le fichier ../videos/videosAConvertir/attenteDeConversion/23_6h_GRUNT.mp4 existe déjà. Téléchargement ignoré.
[2025-01-10 22:59:16] CRITICAL : Erreur lors de la conversion de la partie1de la vidéo .
[2025-01-10 22:59:16] CRITICAL : Erreur lors de la conversion de la partie1de la vidéo .
[2025-01-10 22:59:16] CRITICAL : Erreur lors de la conversion de la partie1de la vidéo .
[2025-01-10 22:59:16] CRITICAL : Erreur lors de la conversion de la partie1de la vidéo .
[2025-01-10 22:59:17] CRITICAL : Erreur lors de la conversion de la partie1de la vidéo .
[2025-01-10 22:59:17] CRITICAL : Erreur lors de la conversion de la partie1de la vidéo .
[2025-01-10 22:59:17] CRITICAL : Erreur lors de la conversion de la partie1de la vidéo .
[2025-01-10 22:59:17] CRITICAL : Erreur lors de la conversion de la partie1de la vidéo .
[2025-01-10 22:59:17] CRITICAL : Erreur lors de la conversion de la partie1de la vidéo .
[2025-01-10 22:59:17] CRITICAL : Erreur lors de la conversion de la partie1de la vidéo .
[2025-01-10 22:59:18] CRITICAL : Erreur lors de la conversion de la partie1de la vidéo .
[2025-01-10 22:59:18] CRITICAL : Erreur lors de la conversion de la partie1de la vidéo .
[2025-01-10 22:59:18] CRITICAL : Erreur lors de la conversion de la partie1de la vidéo .
[2025-01-10 22:59:18] CRITICAL : Erreur lors de la conversion de la partie1de la vidéo .
[2025-01-10 22:59:18] CRITICAL : Erreur lors de la conversion de la partie1de la vidéo .
[2025-01-10 22:59:18] CRITICAL : Erreur lors de la conversion de la partie1de la vidéo .
[2025-01-10 22:59:18] CRITICAL : Erreur lors de la conversion de la partie1de la vidéo .
[2025-01-10 22:59:18] CRITICAL : Erreur lors de la conversion de la partie1de la vidéo .
[2025-01-10 22:59:19] CRITICAL : Erreur lors de la conversion de la partie1de la vidéo .
[2025-01-10 22:59:19] CRITICAL : Erreur lors de la conversion de la partie1de la vidéo .
[2025-01-10 22:59:19] CRITICAL : Erreur lors de la conversion de la partie1de la vidéo .
[2025-01-10 22:59:19] CRITICAL : Erreur lors de la conversion de la partie1de la vidéo .
[2025-01-10 22:59:19] CRITICAL : Erreur lors de la conversion de la partie1de la vidéo .
[2025-01-10 22:59:19] CRITICAL : Erreur lors de la conversion de la partie1de la vidéo .
[2025-01-10 22:59:19] CRITICAL : Erreur lors de la conversion de la partie1de la vidéo .
[2025-01-10 22:59:19] CRITICAL : Erreur lors de la conversion de la partie1de la vidéo .
[2025-01-10 22:59:20] CRITICAL : Erreur lors de la conversion de la partie1de la vidéo .
[2025-01-10 22:59:20] CRITICAL : Erreur lors de la conversion de la partie1de la vidéo .
[2025-01-10 22:59:20] CRITICAL : Erreur lors de la conversion de la partie1de la vidéo .
[2025-01-10 22:59:20] CRITICAL : Erreur lors de la conversion de la partie1de la vidéo .
[2025-01-10 22:59:20] CRITICAL : Erreur lors de la conversion de la partie1de la vidéo .
[2025-01-10 22:59:20] CRITICAL : Erreur lors de la conversion de la partie1de la vidéo .
[2025-01-10 22:59:20] CRITICAL : Erreur lors de la conversion de la partie1de la vidéo .
[2025-01-10 22:59:20] CRITICAL : Erreur lors de la conversion de la partie1de la vidéo .
[2025-01-10 22:59:20] CRITICAL : Erreur lors de la conversion de la partie1de la vidéo .
[2025-01-10 22:59:21] CRITICAL : Erreur lors de la conversion de la partie1de la vidéo .
[2025-01-10 22:59:21] CRITICAL : Erreur lors de la conversion de la partie1de la vidéo .
[2025-01-10 22:59:21] CRITICAL : Erreur lors de la conversion de la partie1de la vidéo .
[2025-01-10 22:59:21] CRITICAL : Erreur lors de la conversion de la partie1de la vidéo .
[2025-01-10 23:02:19] CRITICAL : Erreur lors de la conversion de la partie1de la vidéo .
[2025-01-10 23:02:19] CRITICAL : Erreur lors de la conversion de la partie1de la vidéo .
[2025-01-10 23:02:19] CRITICAL : Erreur lors de la conversion de la partie1de la vidéo .
[2025-01-10 23:02:20] CRITICAL : Erreur lors de la conversion de la partie1de la vidéo .
[2025-01-10 23:02:20] CRITICAL : Erreur lors de la conversion de la partie1de la vidéo .
[2025-01-10 23:02:20] CRITICAL : Erreur lors de la conversion de la partie1de la vidéo .
[2025-01-10 23:02:20] CRITICAL : Erreur lors de la conversion de la partie1de la vidéo .
[2025-01-10 23:02:20] CRITICAL : Erreur lors de la conversion de la partie1de la vidéo .
[2025-01-10 23:02:20] CRITICAL : Erreur lors de la conversion de la partie1de la vidéo .
[2025-01-10 23:02:20] CRITICAL : Erreur lors de la conversion de la partie1de la vidéo .
[2025-01-10 23:02:20] CRITICAL : Erreur lors de la conversion de la partie1de la vidéo .
[2025-01-10 23:02:20] CRITICAL : Erreur lors de la conversion de la partie1de la vidéo .
[2025-01-10 23:02:21] CRITICAL : Erreur lors de la conversion de la partie1de la vidéo .
[2025-01-10 23:02:21] CRITICAL : Erreur lors de la conversion de la partie1de la vidéo .
[2025-01-10 23:02:27] SUCCESS : Connexion réussie pour l'utilisateur user3.
[2025-01-10 23:02:27] SUCCESS : Connexion réussie pour l'utilisateur user3.
[2025-01-10 23:03:08] SUCCESS : Miniature de la vidéo ../videos/videosAUpload/attenteDUpload/23_6h_GRUNT.mp4 générée avec succès.
[2025-01-10 23:03:08] SUCCESS : Connexion réussie pour l'utilisateur user3.
[2025-01-10 23:03:08] SUCCESS : Connexion réussie pour l'utilisateur user3.
[2025-01-10 23:03:09] SUCCESS : Fonction de transfert effectuée avec succès.
[2025-01-10 23:14:11] SUCCESS : Connexion réussie pour l'utilisateur user1.
[2025-01-10 23:14:11] SUCCESS : Connexion réussie pour l'utilisateur user2.
[2025-01-10 23:14:11] SUCCESS : Connexion réussie pour l'utilisateur user1.
[2025-01-10 23:17:29] SUCCESS : Connexion réussie pour l'utilisateur user1.
[2025-01-10 23:17:29] SUCCESS : Connexion réussie pour l'utilisateur user2.
[2025-01-10 23:17:29] SUCCESS : Connexion réussie pour l'utilisateur user1.
[2025-01-10 23:17:29] INFO : Le fichier ../videos/videosAConvertir/attenteDeConversion/23_6h_GRUNT.mp4 existe déjà. Téléchargement ignoré.
[2025-01-10 23:24:16] SUCCESS : Fichier ./23_6h_GRUNT.mp4 téléchargé avec succès dans ../videos/videosAConvertir/attenteDeConversion/23_6h_GRUNT.mp4.
[2025-01-10 23:34:32] SUCCESS : Conversion réussie de la partie 1de la vidéo .
[2025-01-10 23:34:38] SUCCESS : Conversion réussie de la partie 1de la vidéo .
[2025-01-10 23:34:45] SUCCESS : Conversion réussie de la partie 1de la vidéo .
[2025-01-10 23:34:53] SUCCESS : Conversion réussie de la partie 1de la vidéo .
[2025-01-10 23:35:01] SUCCESS : Conversion réussie de la partie 1de la vidéo .
[2025-01-10 23:35:09] SUCCESS : Conversion réussie de la partie 1de la vidéo .
[2025-01-10 23:35:13] 4 : Le fichier original 23_6h_GRUNT.mp4 n'existe pas ou a déjà été supprimé.
[2025-01-10 23:35:43] SUCCESS : Conversion réussie de la partie 1de la vidéo .
[2025-01-10 23:36:44] SUCCESS : Conversion terminée pour toutes les parties de la vidéo 23_6h_GRUNT.mp4.
[2025-01-10 23:37:29] CRITICAL : Erreur lors de la conversion de la partie1de la vidéo .
[2025-01-10 23:38:30] CRITICAL : Erreur lors de la conversion de la partie1de la vidéo .
[2025-01-10 23:38:35] FAIL : Impossible de se connecter au serveur FTP : NAS_MPEG.
[2025-01-10 23:39:18] CRITICAL : Erreur lors de la conversion de la partie1de la vidéo .
[2025-01-10 23:39:50] CRITICAL : Erreur lors de la conversion de la partie1de la vidéo .
[2025-01-10 23:40:25] CRITICAL : Erreur lors de la conversion de la partie1de la vidéo .
[2025-01-10 23:40:37] CRITICAL : Erreur lors de la conversion de la partie1de la vidéo .
[2025-01-10 23:40:40] CRITICAL : Erreur lors de la conversion de la partie1de la vidéo .
[2025-01-10 23:40:43] CRITICAL : Erreur lors de la conversion de la partie1de la vidéo .
[2025-01-10 23:40:47] CRITICAL : Erreur lors de la conversion de la partie1de la vidéo .
[2025-01-10 23:40:47] CRITICAL : Erreur lors de la conversion de la partie1de la vidéo .
[2025-01-10 23:40:48] CRITICAL : Erreur lors de la conversion de la partie1de la vidéo .
[2025-01-10 23:40:50] CRITICAL : Erreur lors de la conversion de la partie1de la vidéo .
[2025-01-10 23:40:52] CRITICAL : Erreur lors de la conversion de la partie1de la vidéo .
[2025-01-10 23:40:53] CRITICAL : Erreur lors de la conversion de la partie1de la vidéo .
[2025-01-10 23:40:56] CRITICAL : Erreur lors de la conversion de la partie1de la vidéo .
[2025-01-10 23:40:57] CRITICAL : Erreur lors de la conversion de la partie1de la vidéo .
[2025-01-10 23:40:58] CRITICAL : Erreur lors de la conversion de la partie1de la vidéo .
[2025-01-10 23:41:00] CRITICAL : Erreur lors de la conversion de la partie1de la vidéo .
[2025-01-10 23:41:01] CRITICAL : Erreur lors de la conversion de la partie1de la vidéo .
[2025-01-10 23:41:03] CRITICAL : Erreur lors de la conversion de la partie1de la vidéo .
[2025-01-10 23:41:04] CRITICAL : Erreur lors de la conversion de la partie1de la vidéo .
[2025-01-10 23:41:05] CRITICAL : Erreur lors de la conversion de la partie1de la vidéo .
[2025-01-10 23:41:06] CRITICAL : Erreur lors de la conversion de la partie1de la vidéo .
[2025-01-10 23:41:08] CRITICAL : Erreur lors de la conversion de la partie1de la vidéo .
[2025-01-10 23:41:09] CRITICAL : Erreur lors de la conversion de la partie1de la vidéo .
[2025-01-10 23:41:10] CRITICAL : Erreur lors de la conversion de la partie1de la vidéo .
[2025-01-10 23:41:11] CRITICAL : Erreur lors de la conversion de la partie1de la vidéo .
[2025-01-10 23:41:12] CRITICAL : Erreur lors de la conversion de la partie1de la vidéo .
[2025-01-10 23:41:13] CRITICAL : Erreur lors de la conversion de la partie1de la vidéo .
[2025-01-10 23:41:13] CRITICAL : Erreur lors de la conversion de la partie1de la vidéo .
[2025-01-10 23:41:16] CRITICAL : Erreur lors de la conversion de la partie1de la vidéo .
[2025-01-10 23:41:16] CRITICAL : Erreur lors de la conversion de la partie1de la vidéo .
[2025-01-10 23:41:17] CRITICAL : Erreur lors de la conversion de la partie1de la vidéo .
[2025-01-10 23:41:18] CRITICAL : Erreur lors de la conversion de la partie1de la vidéo .
[2025-01-10 23:41:19] CRITICAL : Erreur lors de la conversion de la partie1de la vidéo .
[2025-01-10 23:41:21] CRITICAL : Erreur lors de la conversion de la partie1de la vidéo .
[2025-01-10 23:41:21] CRITICAL : Erreur lors de la conversion de la partie1de la vidéo .
[2025-01-10 23:41:22] CRITICAL : Erreur lors de la conversion de la partie1de la vidéo .
[2025-01-10 23:41:23] CRITICAL : Erreur lors de la conversion de la partie1de la vidéo .
[2025-01-10 23:41:24] CRITICAL : Erreur lors de la conversion de la partie1de la vidéo .
[2025-01-10 23:41:25] CRITICAL : Erreur lors de la conversion de la partie1de la vidéo .
[2025-01-10 23:41:26] CRITICAL : Erreur lors de la conversion de la partie1de la vidéo .
[2025-01-10 23:41:28] CRITICAL : Erreur lors de la conversion de la partie1de la vidéo .
[2025-01-10 23:41:29] CRITICAL : Erreur lors de la conversion de la partie1de la vidéo .
[2025-01-10 23:41:31] CRITICAL : Erreur lors de la conversion de la partie1de la vidéo .
[2025-01-10 23:41:33] CRITICAL : Erreur lors de la conversion de la partie1de la vidéo .
[2025-01-10 23:41:37] CRITICAL : Erreur lors de la conversion de la partie1de la vidéo .
[2025-01-10 23:41:40] CRITICAL : Erreur lors de la conversion de la partie1de la vidéo .
[2025-01-10 23:41:43] CRITICAL : Erreur lors de la conversion de la partie1de la vidéo .
[2025-01-10 23:41:46] CRITICAL : Erreur lors de la conversion de la partie1de la vidéo .
[2025-01-10 23:41:47] CRITICAL : Erreur lors de la conversion de la partie1de la vidéo .
[2025-01-10 23:41:50] CRITICAL : Erreur lors de la conversion de la partie1de la vidéo .
[2025-01-10 23:41:52] CRITICAL : Erreur lors de la conversion de la partie1de la vidéo .
[2025-01-10 23:41:54] CRITICAL : Erreur lors de la conversion de la partie1de la vidéo .
[2025-01-10 23:42:00] CRITICAL : Erreur lors de la conversion de la partie1de la vidéo .
[2025-01-10 23:42:05] CRITICAL : Erreur lors de la conversion de la partie1de la vidéo .
[2025-01-10 23:42:15] CRITICAL : Erreur lors de la conversion de la partie1de la vidéo .
[2025-01-10 23:42:40] CRITICAL : Erreur lors de la conversion de la partie1de la vidéo .
[2025-01-10 23:42:58] CRITICAL : Erreur lors de la conversion de la partie1de la vidéo .
[2025-01-10 23:43:02] CRITICAL : Erreur lors de la conversion de la partie1de la vidéo .
[2025-01-10 23:43:06] CRITICAL : Erreur lors de la conversion de la partie1de la vidéo .
[2025-01-10 23:43:08] CRITICAL : Erreur lors de la conversion de la partie1de la vidéo .
[2025-01-10 23:43:10] CRITICAL : Erreur lors de la conversion de la partie1de la vidéo .
[2025-01-10 23:43:16] CRITICAL : Erreur lors de la conversion de la partie1de la vidéo .
[2025-01-10 23:43:19] CRITICAL : Erreur lors de la conversion de la partie1de la vidéo .
[2025-01-10 23:43:24] CRITICAL : Erreur lors de la conversion de la partie1de la vidéo .
[2025-01-10 23:43:27] CRITICAL : Erreur lors de la conversion de la partie1de la vidéo .
[2025-01-10 23:43:28] CRITICAL : Erreur lors de la conversion de la partie1de la vidéo .
[2025-01-10 23:43:33] CRITICAL : Erreur lors de la conversion de la partie1de la vidéo .
[2025-01-10 23:43:34] CRITICAL : Erreur lors de la conversion de la partie1de la vidéo .
[2025-01-10 23:43:36] CRITICAL : Erreur lors de la conversion de la partie1de la vidéo .
[2025-01-10 23:43:39] CRITICAL : Erreur lors de la conversion de la partie1de la vidéo .
[2025-01-10 23:43:41] CRITICAL : Erreur lors de la conversion de la partie1de la vidéo .
[2025-01-10 23:43:42] CRITICAL : Erreur lors de la conversion de la partie1de la vidéo .
[2025-01-10 23:43:46] CRITICAL : Erreur lors de la conversion de la partie1de la vidéo .
[2025-01-10 23:43:48] CRITICAL : Erreur lors de la conversion de la partie1de la vidéo .
[2025-01-10 23:43:51] CRITICAL : Erreur lors de la conversion de la partie1de la vidéo .
[2025-01-10 23:43:56] CRITICAL : Erreur lors de la conversion de la partie1de la vidéo .
[2025-01-10 23:43:59] CRITICAL : Erreur lors de la conversion de la partie1de la vidéo .
[2025-01-10 23:44:07] CRITICAL : Erreur lors de la conversion de la partie1de la vidéo .
[2025-01-10 23:44:21] CRITICAL : Erreur lors de la conversion de la partie1de la vidéo .
[2025-01-10 23:44:28] CRITICAL : Erreur lors de la conversion de la partie1de la vidéo .
[2025-01-10 23:44:41] CRITICAL : Erreur lors de la conversion de la partie1de la vidéo .
[2025-01-10 23:44:50] CRITICAL : Erreur lors de la conversion de la partie1de la vidéo .
[2025-01-10 23:44:54] CRITICAL : Erreur lors de la conversion de la partie1de la vidéo .
[2025-01-10 23:45:00] CRITICAL : Erreur lors de la conversion de la partie1de la vidéo .
[2025-01-10 23:45:19] CRITICAL : Erreur lors de la conversion de la partie1de la vidéo .
[2025-01-10 23:45:38] CRITICAL : Erreur lors de la conversion de la partie1de la vidéo .
[2025-01-10 23:45:49] CRITICAL : Erreur lors de la conversion de la partie1de la vidéo .
[2025-01-10 23:45:51] CRITICAL : Erreur lors de la conversion de la partie1de la vidéo .
[2025-01-10 23:45:54] CRITICAL : Erreur lors de la conversion de la partie1de la vidéo .
[2025-01-10 23:45:58] CRITICAL : Erreur lors de la conversion de la partie1de la vidéo .
[2025-01-10 23:46:01] CRITICAL : Erreur lors de la conversion de la partie1de la vidéo .
